<?xml version="1.0" encoding="UTF-8"?>
<!-- Generated by org.testng.reporters.JUnitReportReporter -->
<testsuite hostname="PC323781" name="com.framework.DataDriven.suitA.TestCase1" tests="1" failures="0" timestamp="10 Dec 2015 06:34:57 GMT" time="1.381" errors="0">
  <testcase name="Test1" time="1.381" classname="com.framework.DataDriven.suitA.TestCase1"/>
</testsuite> <!-- com.framework.DataDriven.suitA.TestCase1 -->
