<?xml version="1.0" encoding="UTF-8"?>
<!-- Generated by org.testng.reporters.JUnitReportReporter -->
<testsuite hostname="PC323781" name="com.framework.DataDriven.DataDriverDrameworkTestNG.TestRough" tests="1" failures="0" timestamp="9 Dec 2015 06:32:37 GMT" time="0.008" errors="0">
  <testcase name="testing" time="0.008" classname="com.framework.DataDriven.DataDriverDrameworkTestNG.TestRough"/>
</testsuite> <!-- com.framework.DataDriven.DataDriverDrameworkTestNG.TestRough -->
